{"/home/mabroor/proj/naf/server/src/services/message/service.ts": {"path":"/home/mabroor/proj/naf/server/src/services/message/service.ts","statementMap":{"0":{"start":{"line":3,"column":0},"end":{"line":7,"column":null}},"1":{"start":{"line":5,"column":6},"end":{"line":5,"column":68}}},"fnMap":{"0":{"name":"(anonymous_0)","decl":{"start":{"line":4,"column":18},"end":{"line":4,"column":null}},"loc":{"start":{"line":4,"column":18},"end":{"line":6,"column":3}}}},"branchMap":{},"s":{"0":1,"1":1},"f":{"0":1},"b":{}}
,"/home/mabroor/proj/naf/server/src/services/todo/service.ts": {"path":"/home/mabroor/proj/naf/server/src/services/todo/service.ts","statementMap":{"0":{"start":{"line":3,"column":0},"end":{"line":16,"column":null}},"1":{"start":{"line":5,"column":6},"end":{"line":14,"column":null}}},"fnMap":{"0":{"name":"(anonymous_0)","decl":{"start":{"line":4,"column":15},"end":{"line":4,"column":null}},"loc":{"start":{"line":4,"column":15},"end":{"line":15,"column":3}}}},"branchMap":{},"s":{"0":1,"1":1},"f":{"0":1},"b":{}}
}
